2025-03-14 12:38:46,388 - INFO - Running in CPU-only mode for stability
2025-03-14 12:38:46,589 - INFO - Found 4 images to process
2025-03-14 12:38:46,589 - INFO - Processing image 1/4: new_images/照片 03-01-25 下午2 44 41_crop_12.png
2025-03-14 12:38:46,598 - INFO - Processing image: 照片 03-01-25 下午2 44 41_crop_12
2025-03-14 12:38:46,598 - INFO - Original image size: 512x512
2025-03-14 12:38:46,602 - INFO - Resized to 256x256 for prediction
2025-03-14 12:38:46,633 - INFO - Preprocessed image shape: (256, 256, 2)
2025-03-14 12:38:46,751 - INFO - Loading model...
2025-03-14 12:38:46,890 - INFO - Model loaded successfully
2025-03-14 12:38:46,890 - INFO - Running manual prediction...
2025-03-14 12:38:47,270 - INFO - Prediction successful, shape: (256, 256, 1)
2025-03-14 12:38:47,272 - INFO - Resized prediction back to original size
2025-03-14 12:38:47,332 - INFO - Created instance mask with 406 instances
2025-03-14 12:38:48,413 - INFO - Successfully processed image in 1.82 seconds
2025-03-14 12:38:48,477 - INFO - Processing image 2/4: new_images/照片 03-01-25 下午2 44 41_crop_10.png
2025-03-14 12:38:48,483 - INFO - Processing image: 照片 03-01-25 下午2 44 41_crop_10
2025-03-14 12:38:48,483 - INFO - Original image size: 512x512
2025-03-14 12:38:48,486 - INFO - Resized to 256x256 for prediction
2025-03-14 12:38:48,490 - INFO - Preprocessed image shape: (256, 256, 2)
2025-03-14 12:38:48,609 - INFO - Loading model...
2025-03-14 12:38:48,714 - INFO - Model loaded successfully
2025-03-14 12:38:48,714 - INFO - Running manual prediction...
2025-03-14 12:38:49,072 - INFO - Prediction successful, shape: (256, 256, 1)
2025-03-14 12:38:49,074 - INFO - Resized prediction back to original size
2025-03-14 12:38:49,124 - INFO - Created instance mask with 507 instances
2025-03-14 12:38:50,257 - INFO - Successfully processed image in 1.78 seconds
2025-03-14 12:38:50,320 - INFO - Processing image 3/4: new_images/照片 03-01-25 下午2 44 52_crop_14.png
2025-03-14 12:38:50,325 - INFO - Processing image: 照片 03-01-25 下午2 44 52_crop_14
2025-03-14 12:38:50,325 - INFO - Original image size: 512x512
2025-03-14 12:38:50,328 - INFO - Resized to 256x256 for prediction
2025-03-14 12:38:50,333 - INFO - Preprocessed image shape: (256, 256, 2)
2025-03-14 12:38:50,447 - INFO - Loading model...
2025-03-14 12:38:50,545 - INFO - Model loaded successfully
2025-03-14 12:38:50,545 - INFO - Running manual prediction...
2025-03-14 12:38:50,895 - INFO - Prediction successful, shape: (256, 256, 1)
2025-03-14 12:38:50,896 - INFO - Resized prediction back to original size
2025-03-14 12:38:50,921 - INFO - Created instance mask with 133 instances
2025-03-14 12:38:51,522 - INFO - Successfully processed image in 1.20 seconds
2025-03-14 12:38:51,585 - INFO - Processing image 4/4: new_images/鐓х墖 03-01-25 涓嬪崍2 44 41_crop_17.png
2025-03-14 12:38:51,591 - INFO - Processing image: 鐓х墖 03-01-25 涓嬪崍2 44 41_crop_17
2025-03-14 12:38:51,591 - INFO - Original image size: 512x512
2025-03-14 12:38:51,593 - INFO - Resized to 256x256 for prediction
2025-03-14 12:38:51,599 - INFO - Preprocessed image shape: (256, 256, 2)
2025-03-14 12:38:51,714 - INFO - Loading model...
2025-03-14 12:38:51,811 - INFO - Model loaded successfully
2025-03-14 12:38:51,811 - INFO - Running manual prediction...
2025-03-14 12:38:52,157 - INFO - Prediction successful, shape: (256, 256, 1)
2025-03-14 12:38:52,159 - INFO - Resized prediction back to original size
2025-03-14 12:38:52,213 - INFO - Created instance mask with 400 instances
2025-03-14 12:38:53,188 - INFO - Successfully processed image in 1.60 seconds
2025-03-14 12:38:53,254 - INFO - All images processed. Success rate: 4/4
2025-03-14 12:38:53,254 - INFO - Total execution time: 6.67 seconds
2025-03-14 12:39:33,652 - INFO - Running in CPU-only mode for stability
2025-03-14 12:39:33,834 - INFO - Found 4 images to process
2025-03-14 12:39:33,834 - INFO - Processing image 1/4: new_images/照片 03-01-25 下午2 44 41_crop_12.png
2025-03-14 12:39:33,844 - INFO - Processing image: 照片 03-01-25 下午2 44 41_crop_12
2025-03-14 12:39:33,844 - INFO - Original image size: 512x512
2025-03-14 12:39:33,847 - INFO - Resized to 256x256 for prediction
2025-03-14 12:39:33,874 - INFO - Preprocessed image shape: (256, 256, 2)
2025-03-14 12:39:33,988 - INFO - Loading model...
2025-03-14 12:39:34,118 - INFO - Model loaded successfully
2025-03-14 12:39:34,118 - INFO - Running manual prediction...
2025-03-14 12:39:34,484 - INFO - Prediction successful, shape: (256, 256, 1)
2025-03-14 12:39:34,486 - INFO - Resized prediction back to original size
2025-03-14 12:39:34,564 - INFO - Created instance mask with 452 instances
2025-03-14 12:39:34,570 - INFO - Found GT instance mask with 1557 instances
2025-03-14 12:39:35,662 - INFO - Successfully processed image in 1.83 seconds
2025-03-14 12:39:35,728 - INFO - Processing image 2/4: new_images/照片 03-01-25 下午2 44 41_crop_10.png
2025-03-14 12:39:35,732 - INFO - Processing image: 照片 03-01-25 下午2 44 41_crop_10
2025-03-14 12:39:35,732 - INFO - Original image size: 512x512
2025-03-14 12:39:35,735 - INFO - Resized to 256x256 for prediction
2025-03-14 12:39:35,739 - INFO - Preprocessed image shape: (256, 256, 2)
2025-03-14 12:39:35,850 - INFO - Loading model...
2025-03-14 12:39:35,951 - INFO - Model loaded successfully
2025-03-14 12:39:35,951 - INFO - Running manual prediction...
2025-03-14 12:39:36,313 - INFO - Prediction successful, shape: (256, 256, 1)
2025-03-14 12:39:36,315 - INFO - Resized prediction back to original size
2025-03-14 12:39:36,383 - INFO - Created instance mask with 541 instances
2025-03-14 12:39:36,389 - INFO - Found GT instance mask with 1175 instances
2025-03-14 12:39:37,506 - INFO - Successfully processed image in 1.78 seconds
2025-03-14 12:39:37,572 - INFO - Processing image 3/4: new_images/照片 03-01-25 下午2 44 52_crop_14.png
2025-03-14 12:39:37,576 - INFO - Processing image: 照片 03-01-25 下午2 44 52_crop_14
2025-03-14 12:39:37,576 - INFO - Original image size: 512x512
2025-03-14 12:39:37,579 - INFO - Resized to 256x256 for prediction
2025-03-14 12:39:37,583 - INFO - Preprocessed image shape: (256, 256, 2)
2025-03-14 12:39:37,696 - INFO - Loading model...
2025-03-14 12:39:37,800 - INFO - Model loaded successfully
2025-03-14 12:39:37,800 - INFO - Running manual prediction...
2025-03-14 12:39:38,152 - INFO - Prediction successful, shape: (256, 256, 1)
2025-03-14 12:39:38,153 - INFO - Resized prediction back to original size
2025-03-14 12:39:38,189 - INFO - Created instance mask with 138 instances
2025-03-14 12:39:38,193 - INFO - Found GT instance mask with 156 instances
2025-03-14 12:39:38,775 - INFO - Successfully processed image in 1.20 seconds
2025-03-14 12:39:38,840 - INFO - Processing image 4/4: new_images/鐓х墖 03-01-25 涓嬪崍2 44 41_crop_17.png
2025-03-14 12:39:38,847 - INFO - Processing image: 鐓х墖 03-01-25 涓嬪崍2 44 41_crop_17
2025-03-14 12:39:38,847 - INFO - Original image size: 512x512
2025-03-14 12:39:38,849 - INFO - Resized to 256x256 for prediction
2025-03-14 12:39:38,853 - INFO - Preprocessed image shape: (256, 256, 2)
2025-03-14 12:39:38,970 - INFO - Loading model...
2025-03-14 12:39:39,067 - INFO - Model loaded successfully
2025-03-14 12:39:39,068 - INFO - Running manual prediction...
2025-03-14 12:39:39,408 - INFO - Prediction successful, shape: (256, 256, 1)
2025-03-14 12:39:39,410 - INFO - Resized prediction back to original size
2025-03-14 12:39:39,491 - INFO - Created instance mask with 445 instances
2025-03-14 12:39:39,497 - INFO - Found GT instance mask with 1705 instances
2025-03-14 12:39:40,507 - INFO - Successfully processed image in 1.67 seconds
2025-03-14 12:39:40,569 - INFO - All images processed. Success rate: 4/4
2025-03-14 12:39:40,569 - INFO - Total execution time: 6.74 seconds
